<?xml version="1.0"?>
<!DOCTYPE coverage SYSTEM "http://cobertura.sourceforge.net/xml/coverage-04.dtd">

<coverage line-rate="0.9210526315789473" branch-rate="0.9393939393939394" lines-covered="105" lines-valid="114" branches-covered="62" branches-valid="66" complexity="3.75" version="2.1.1" timestamp="1466758616156">
	<sources>
		<source>--source</source>
		<source>/Users/sbyan/Documents/Repos/FizzBuzzWhizz/src/main/java</source>
	</sources>
	<packages>
		<package name="com.thoughtworks" line-rate="0.9210526315789473" branch-rate="0.9393939393939394" complexity="3.75">
			<classes>
				<class name="com.thoughtworks.Application" filename="com/thoughtworks/Application.java" line-rate="0.0" branch-rate="0.0" complexity="2.0">
					<methods>
						<method name="&lt;init&gt;" signature="()V" line-rate="0.0" branch-rate="1.0" complexity="0">
							<lines>
								<line number="3" hits="0" branch="false"/>
							</lines>
						</method>
						<method name="main" signature="([Ljava/lang/String;)V" line-rate="0.0" branch-rate="0.0" complexity="0">
							<lines>
								<line number="6" hits="0" branch="false"/>
								<line number="7" hits="0" branch="false"/>
								<line number="9" hits="0" branch="true" condition-coverage="0% (0/2)">
									<conditions>
										<condition number="0" type="jump" coverage="0%"/>
									</conditions>
								</line>
								<line number="10" hits="0" branch="false"/>
								<line number="11" hits="0" branch="false"/>
								<line number="12" hits="0" branch="false"/>
								<line number="13" hits="0" branch="false"/>
								<line number="15" hits="0" branch="false"/>
							</lines>
						</method>
					</methods>
					<lines>
						<line number="3" hits="0" branch="false"/>
						<line number="6" hits="0" branch="false"/>
						<line number="7" hits="0" branch="false"/>
						<line number="9" hits="0" branch="true" condition-coverage="0% (0/2)">
							<conditions>
								<condition number="0" type="jump" coverage="0%"/>
							</conditions>
						</line>
						<line number="10" hits="0" branch="false"/>
						<line number="11" hits="0" branch="false"/>
						<line number="12" hits="0" branch="false"/>
						<line number="13" hits="0" branch="false"/>
						<line number="15" hits="0" branch="false"/>
					</lines>
				</class>
				<class name="com.thoughtworks.BaseHandler" filename="com/thoughtworks/BaseHandler.java" line-rate="1.0" branch-rate="1.0" complexity="1.0">
					<methods>
						<method name="&lt;init&gt;" signature="()V" line-rate="1.0" branch-rate="1.0" complexity="0">
							<lines>
								<line number="3" hits="442" branch="false"/>
							</lines>
						</method>
						<method name="getNextHandler" signature="()Lcom/thoughtworks/BaseHandler;" line-rate="1.0" branch-rate="1.0" complexity="0">
							<lines>
								<line number="10" hits="248" branch="false"/>
							</lines>
						</method>
						<method name="setNextHandler" signature="(Lcom/thoughtworks/BaseHandler;)V" line-rate="1.0" branch-rate="1.0" complexity="0">
							<lines>
								<line number="14" hits="266" branch="false"/>
								<line number="15" hits="266" branch="false"/>
							</lines>
						</method>
					</methods>
					<lines>
						<line number="3" hits="442" branch="false"/>
						<line number="10" hits="248" branch="false"/>
						<line number="14" hits="266" branch="false"/>
						<line number="15" hits="266" branch="false"/>
					</lines>
				</class>
				<class name="com.thoughtworks.BuzzHandler" filename="com/thoughtworks/BuzzHandler.java" line-rate="1.0" branch-rate="1.0" complexity="5.0">
					<methods>
						<method name="&lt;init&gt;" signature="()V" line-rate="1.0" branch-rate="1.0" complexity="0">
							<lines>
								<line number="3" hits="51" branch="false"/>
								<line number="4" hits="51" branch="false"/>
							</lines>
						</method>
						<method name="getResult" signature="(I)Ljava/lang/String;" line-rate="1.0" branch-rate="1.0" complexity="0">
							<lines>
								<line number="8" hits="29" branch="false"/>
								<line number="9" hits="29" branch="true" condition-coverage="100% (2/2)">
									<conditions>
										<condition number="0" type="jump" coverage="100%"/>
									</conditions>
								</line>
								<line number="10" hits="15" branch="false"/>
								<line number="13" hits="29" branch="true" condition-coverage="100% (4/4)">
									<conditions>
										<condition number="0" type="jump" coverage="100%"/>
										<condition number="1" type="jump" coverage="100%"/>
									</conditions>
								</line>
								<line number="14" hits="3" branch="false"/>
								<line number="16" hits="26" branch="false"/>
							</lines>
						</method>
					</methods>
					<lines>
						<line number="3" hits="51" branch="false"/>
						<line number="4" hits="51" branch="false"/>
						<line number="8" hits="29" branch="false"/>
						<line number="9" hits="29" branch="true" condition-coverage="100% (2/2)">
							<conditions>
								<condition number="0" type="jump" coverage="100%"/>
							</conditions>
						</line>
						<line number="10" hits="15" branch="false"/>
						<line number="13" hits="29" branch="true" condition-coverage="100% (4/4)">
							<conditions>
								<condition number="0" type="jump" coverage="100%"/>
								<condition number="1" type="jump" coverage="100%"/>
							</conditions>
						</line>
						<line number="14" hits="3" branch="false"/>
						<line number="16" hits="26" branch="false"/>
					</lines>
				</class>
				<class name="com.thoughtworks.BuzzWhizzHandler" filename="com/thoughtworks/BuzzWhizzHandler.java" line-rate="1.0" branch-rate="1.0" complexity="6.0">
					<methods>
						<method name="&lt;init&gt;" signature="()V" line-rate="1.0" branch-rate="1.0" complexity="0">
							<lines>
								<line number="3" hits="52" branch="false"/>
								<line number="4" hits="52" branch="false"/>
								<line number="5" hits="52" branch="false"/>
							</lines>
						</method>
						<method name="getResult" signature="(I)Ljava/lang/String;" line-rate="1.0" branch-rate="1.0" complexity="0">
							<lines>
								<line number="9" hits="30" branch="false"/>
								<line number="10" hits="30" branch="true" condition-coverage="100% (4/4)">
									<conditions>
										<condition number="0" type="jump" coverage="100%"/>
										<condition number="1" type="jump" coverage="100%"/>
									</conditions>
								</line>
								<line number="11" hits="15" branch="false"/>
								<line number="13" hits="30" branch="true" condition-coverage="100% (4/4)">
									<conditions>
										<condition number="0" type="jump" coverage="100%"/>
										<condition number="1" type="jump" coverage="100%"/>
									</conditions>
								</line>
								<line number="14" hits="4" branch="false"/>
								<line number="16" hits="26" branch="false"/>
							</lines>
						</method>
					</methods>
					<lines>
						<line number="3" hits="52" branch="false"/>
						<line number="4" hits="52" branch="false"/>
						<line number="5" hits="52" branch="false"/>
						<line number="9" hits="30" branch="false"/>
						<line number="10" hits="30" branch="true" condition-coverage="100% (4/4)">
							<conditions>
								<condition number="0" type="jump" coverage="100%"/>
								<condition number="1" type="jump" coverage="100%"/>
							</conditions>
						</line>
						<line number="11" hits="15" branch="false"/>
						<line number="13" hits="30" branch="true" condition-coverage="100% (4/4)">
							<conditions>
								<condition number="0" type="jump" coverage="100%"/>
								<condition number="1" type="jump" coverage="100%"/>
							</conditions>
						</line>
						<line number="14" hits="4" branch="false"/>
						<line number="16" hits="26" branch="false"/>
					</lines>
				</class>
				<class name="com.thoughtworks.DefaultFizzHandler" filename="com/thoughtworks/DefaultFizzHandler.java" line-rate="1.0" branch-rate="1.0" complexity="6.0">
					<methods>
						<method name="&lt;init&gt;" signature="()V" line-rate="1.0" branch-rate="1.0" complexity="0">
							<lines>
								<line number="3" hits="49" branch="false"/>
								<line number="4" hits="49" branch="false"/>
								<line number="5" hits="49" branch="false"/>
								<line number="6" hits="49" branch="false"/>
							</lines>
						</method>
						<method name="getResult" signature="(I)Ljava/lang/String;" line-rate="1.0" branch-rate="1.0" complexity="0">
							<lines>
								<line number="10" hits="71" branch="false"/>
								<line number="11" hits="71" branch="true" condition-coverage="100% (2/2)">
									<conditions>
										<condition number="0" type="jump" coverage="100%"/>
									</conditions>
								</line>
								<line number="12" hits="31" branch="false"/>
								<line number="13" hits="40" branch="true" condition-coverage="100% (2/2)">
									<conditions>
										<condition number="0" type="jump" coverage="100%"/>
									</conditions>
								</line>
								<line number="14" hits="13" branch="false"/>
								<line number="16" hits="71" branch="true" condition-coverage="100% (4/4)">
									<conditions>
										<condition number="0" type="jump" coverage="100%"/>
										<condition number="1" type="jump" coverage="100%"/>
									</conditions>
								</line>
								<line number="17" hits="15" branch="false"/>
								<line number="19" hits="56" branch="false"/>
							</lines>
						</method>
					</methods>
					<lines>
						<line number="3" hits="49" branch="false"/>
						<line number="4" hits="49" branch="false"/>
						<line number="5" hits="49" branch="false"/>
						<line number="6" hits="49" branch="false"/>
						<line number="10" hits="71" branch="false"/>
						<line number="11" hits="71" branch="true" condition-coverage="100% (2/2)">
							<conditions>
								<condition number="0" type="jump" coverage="100%"/>
							</conditions>
						</line>
						<line number="12" hits="31" branch="false"/>
						<line number="13" hits="40" branch="true" condition-coverage="100% (2/2)">
							<conditions>
								<condition number="0" type="jump" coverage="100%"/>
							</conditions>
						</line>
						<line number="14" hits="13" branch="false"/>
						<line number="16" hits="71" branch="true" condition-coverage="100% (4/4)">
							<conditions>
								<condition number="0" type="jump" coverage="100%"/>
								<condition number="1" type="jump" coverage="100%"/>
							</conditions>
						</line>
						<line number="17" hits="15" branch="false"/>
						<line number="19" hits="56" branch="false"/>
					</lines>
				</class>
				<class name="com.thoughtworks.FizzBuzzHandler" filename="com/thoughtworks/FizzBuzzHandler.java" line-rate="1.0" branch-rate="1.0" complexity="6.0">
					<methods>
						<method name="&lt;init&gt;" signature="()V" line-rate="1.0" branch-rate="1.0" complexity="0">
							<lines>
								<line number="3" hits="66" branch="false"/>
								<line number="4" hits="66" branch="false"/>
								<line number="5" hits="66" branch="false"/>
							</lines>
						</method>
						<method name="getResult" signature="(I)Ljava/lang/String;" line-rate="1.0" branch-rate="1.0" complexity="0">
							<lines>
								<line number="9" hits="59" branch="false"/>
								<line number="10" hits="59" branch="true" condition-coverage="100% (4/4)">
									<conditions>
										<condition number="0" type="jump" coverage="100%"/>
										<condition number="1" type="jump" coverage="100%"/>
									</conditions>
								</line>
								<line number="11" hits="30" branch="false"/>
								<line number="13" hits="59" branch="true" condition-coverage="100% (4/4)">
									<conditions>
										<condition number="0" type="jump" coverage="100%"/>
										<condition number="1" type="jump" coverage="100%"/>
									</conditions>
								</line>
								<line number="14" hits="5" branch="false"/>
								<line number="16" hits="54" branch="false"/>
							</lines>
						</method>
					</methods>
					<lines>
						<line number="3" hits="66" branch="false"/>
						<line number="4" hits="66" branch="false"/>
						<line number="5" hits="66" branch="false"/>
						<line number="9" hits="59" branch="false"/>
						<line number="10" hits="59" branch="true" condition-coverage="100% (4/4)">
							<conditions>
								<condition number="0" type="jump" coverage="100%"/>
								<condition number="1" type="jump" coverage="100%"/>
							</conditions>
						</line>
						<line number="11" hits="30" branch="false"/>
						<line number="13" hits="59" branch="true" condition-coverage="100% (4/4)">
							<conditions>
								<condition number="0" type="jump" coverage="100%"/>
								<condition number="1" type="jump" coverage="100%"/>
							</conditions>
						</line>
						<line number="14" hits="5" branch="false"/>
						<line number="16" hits="54" branch="false"/>
					</lines>
				</class>
				<class name="com.thoughtworks.FizzBuzzWhizzHandler" filename="com/thoughtworks/FizzBuzzWhizzHandler.java" line-rate="1.0" branch-rate="0.8" complexity="8.0">
					<methods>
						<method name="&lt;init&gt;" signature="()V" line-rate="1.0" branch-rate="1.0" complexity="0">
							<lines>
								<line number="3" hits="48" branch="false"/>
								<line number="4" hits="48" branch="false"/>
								<line number="5" hits="48" branch="false"/>
								<line number="6" hits="48" branch="false"/>
							</lines>
						</method>
						<method name="getResult" signature="(I)Ljava/lang/String;" line-rate="1.0" branch-rate="0.8" complexity="0">
							<lines>
								<line number="10" hits="41" branch="false"/>
								<line number="11" hits="41" branch="true" condition-coverage="83% (5/6)">
									<conditions>
										<condition number="0" type="jump" coverage="50%"/>
										<condition number="1" type="jump" coverage="100%"/>
										<condition number="2" type="jump" coverage="100%"/>
									</conditions>
								</line>
								<line number="14" hits="15" branch="false"/>
								<line number="16" hits="26" branch="true" condition-coverage="75% (3/4)">
									<conditions>
										<condition number="0" type="jump" coverage="50%"/>
										<condition number="1" type="jump" coverage="100%"/>
									</conditions>
								</line>
								<line number="17" hits="15" branch="false"/>
								<line number="19" hits="11" branch="false"/>
							</lines>
						</method>
					</methods>
					<lines>
						<line number="3" hits="48" branch="false"/>
						<line number="4" hits="48" branch="false"/>
						<line number="5" hits="48" branch="false"/>
						<line number="6" hits="48" branch="false"/>
						<line number="10" hits="41" branch="false"/>
						<line number="11" hits="41" branch="true" condition-coverage="83% (5/6)">
							<conditions>
								<condition number="0" type="jump" coverage="50%"/>
								<condition number="1" type="jump" coverage="100%"/>
								<condition number="2" type="jump" coverage="100%"/>
							</conditions>
						</line>
						<line number="14" hits="15" branch="false"/>
						<line number="16" hits="26" branch="true" condition-coverage="75% (3/4)">
							<conditions>
								<condition number="0" type="jump" coverage="50%"/>
								<condition number="1" type="jump" coverage="100%"/>
							</conditions>
						</line>
						<line number="17" hits="15" branch="false"/>
						<line number="19" hits="11" branch="false"/>
					</lines>
				</class>
				<class name="com.thoughtworks.FizzHandler" filename="com/thoughtworks/FizzHandler.java" line-rate="1.0" branch-rate="1.0" complexity="5.0">
					<methods>
						<method name="&lt;init&gt;" signature="()V" line-rate="1.0" branch-rate="1.0" complexity="0">
							<lines>
								<line number="3" hits="48" branch="false"/>
								<line number="4" hits="48" branch="false"/>
							</lines>
						</method>
						<method name="getResult" signature="(I)Ljava/lang/String;" line-rate="1.0" branch-rate="1.0" complexity="0">
							<lines>
								<line number="8" hits="26" branch="false"/>
								<line number="9" hits="26" branch="true" condition-coverage="100% (2/2)">
									<conditions>
										<condition number="0" type="jump" coverage="100%"/>
									</conditions>
								</line>
								<line number="10" hits="15" branch="false"/>
								<line number="12" hits="26" branch="true" condition-coverage="100% (4/4)">
									<conditions>
										<condition number="0" type="jump" coverage="100%"/>
										<condition number="1" type="jump" coverage="100%"/>
									</conditions>
								</line>
								<line number="13" hits="6" branch="false"/>
								<line number="15" hits="20" branch="false"/>
							</lines>
						</method>
					</methods>
					<lines>
						<line number="3" hits="48" branch="false"/>
						<line number="4" hits="48" branch="false"/>
						<line number="8" hits="26" branch="false"/>
						<line number="9" hits="26" branch="true" condition-coverage="100% (2/2)">
							<conditions>
								<condition number="0" type="jump" coverage="100%"/>
							</conditions>
						</line>
						<line number="10" hits="15" branch="false"/>
						<line number="12" hits="26" branch="true" condition-coverage="100% (4/4)">
							<conditions>
								<condition number="0" type="jump" coverage="100%"/>
								<condition number="1" type="jump" coverage="100%"/>
							</conditions>
						</line>
						<line number="13" hits="6" branch="false"/>
						<line number="15" hits="20" branch="false"/>
					</lines>
				</class>
				<class name="com.thoughtworks.FizzWhizzHandler" filename="com/thoughtworks/FizzWhizzHandler.java" line-rate="1.0" branch-rate="1.0" complexity="6.0">
					<methods>
						<method name="&lt;init&gt;" signature="()V" line-rate="1.0" branch-rate="1.0" complexity="0">
							<lines>
								<line number="3" hits="48" branch="false"/>
								<line number="4" hits="48" branch="false"/>
								<line number="5" hits="48" branch="false"/>
							</lines>
						</method>
						<method name="getResult" signature="(I)Ljava/lang/String;" line-rate="1.0" branch-rate="1.0" complexity="0">
							<lines>
								<line number="9" hits="26" branch="false"/>
								<line number="10" hits="26" branch="true" condition-coverage="100% (4/4)">
									<conditions>
										<condition number="0" type="jump" coverage="100%"/>
										<condition number="1" type="jump" coverage="100%"/>
									</conditions>
								</line>
								<line number="11" hits="15" branch="false"/>
								<line number="13" hits="26" branch="true" condition-coverage="100% (4/4)">
									<conditions>
										<condition number="0" type="jump" coverage="100%"/>
										<condition number="1" type="jump" coverage="100%"/>
									</conditions>
								</line>
								<line number="14" hits="7" branch="false"/>
								<line number="16" hits="19" branch="false"/>
							</lines>
						</method>
					</methods>
					<lines>
						<line number="3" hits="48" branch="false"/>
						<line number="4" hits="48" branch="false"/>
						<line number="5" hits="48" branch="false"/>
						<line number="9" hits="26" branch="false"/>
						<line number="10" hits="26" branch="true" condition-coverage="100% (4/4)">
							<conditions>
								<condition number="0" type="jump" coverage="100%"/>
								<condition number="1" type="jump" coverage="100%"/>
							</conditions>
						</line>
						<line number="11" hits="15" branch="false"/>
						<line number="13" hits="26" branch="true" condition-coverage="100% (4/4)">
							<conditions>
								<condition number="0" type="jump" coverage="100%"/>
								<condition number="1" type="jump" coverage="100%"/>
							</conditions>
						</line>
						<line number="14" hits="7" branch="false"/>
						<line number="16" hits="19" branch="false"/>
					</lines>
				</class>
				<class name="com.thoughtworks.NumberHandler" filename="com/thoughtworks/NumberHandler.java" line-rate="1.0" branch-rate="1.0" complexity="3.0">
					<methods>
						<method name="&lt;init&gt;" signature="()V" line-rate="1.0" branch-rate="1.0" complexity="0">
							<lines>
								<line number="3" hits="23" branch="false"/>
							</lines>
						</method>
						<method name="getResult" signature="(I)Ljava/lang/String;" line-rate="1.0" branch-rate="1.0" complexity="0">
							<lines>
								<line number="7" hits="23" branch="false"/>
								<line number="9" hits="23" branch="true" condition-coverage="100% (2/2)">
									<conditions>
										<condition number="0" type="jump" coverage="100%"/>
									</conditions>
								</line>
								<line number="10" hits="8" branch="false"/>
								<line number="12" hits="15" branch="false"/>
							</lines>
						</method>
					</methods>
					<lines>
						<line number="3" hits="23" branch="false"/>
						<line number="7" hits="23" branch="false"/>
						<line number="9" hits="23" branch="true" condition-coverage="100% (2/2)">
							<conditions>
								<condition number="0" type="jump" coverage="100%"/>
							</conditions>
						</line>
						<line number="10" hits="8" branch="false"/>
						<line number="12" hits="15" branch="false"/>
					</lines>
				</class>
				<class name="com.thoughtworks.Student" filename="com/thoughtworks/Student.java" line-rate="1.0" branch-rate="1.0" complexity="2.0">
					<methods>
						<method name="&lt;init&gt;" signature="()V" line-rate="1.0" branch-rate="1.0" complexity="0">
							<lines>
								<line number="3" hits="17" branch="false"/>
							</lines>
						</method>
						<method name="answer" signature="(I)Ljava/lang/String;" line-rate="1.0" branch-rate="1.0" complexity="0">
							<lines>
								<line number="11" hits="17" branch="true" condition-coverage="100% (2/2)">
									<conditions>
										<condition number="0" type="jump" coverage="100%"/>
									</conditions>
								</line>
								<line number="12" hits="15" branch="false"/>
								<line number="14" hits="2" branch="false"/>
							</lines>
						</method>
						<method name="setHandler" signature="(Lcom/thoughtworks/BaseHandler;)V" line-rate="1.0" branch-rate="1.0" complexity="0">
							<lines>
								<line number="7" hits="15" branch="false"/>
								<line number="8" hits="15" branch="false"/>
							</lines>
						</method>
					</methods>
					<lines>
						<line number="3" hits="17" branch="false"/>
						<line number="7" hits="15" branch="false"/>
						<line number="8" hits="15" branch="false"/>
						<line number="11" hits="17" branch="true" condition-coverage="100% (2/2)">
							<conditions>
								<condition number="0" type="jump" coverage="100%"/>
							</conditions>
						</line>
						<line number="12" hits="15" branch="false"/>
						<line number="14" hits="2" branch="false"/>
					</lines>
				</class>
				<class name="com.thoughtworks.Teacher" filename="com/thoughtworks/Teacher.java" line-rate="1.0" branch-rate="1.0" complexity="1.0">
					<methods>
						<method name="&lt;init&gt;" signature="()V" line-rate="1.0" branch-rate="1.0" complexity="0">
							<lines>
								<line number="3" hits="32" branch="false"/>
							</lines>
						</method>
						<method name="sayRule" signature="()Lcom/thoughtworks/BaseHandler;" line-rate="1.0" branch-rate="1.0" complexity="0">
							<lines>
								<line number="5" hits="32" branch="false"/>
								<line number="6" hits="32" branch="false"/>
								<line number="7" hits="32" branch="false"/>
								<line number="8" hits="32" branch="false"/>
								<line number="9" hits="32" branch="false"/>
								<line number="10" hits="32" branch="false"/>
								<line number="11" hits="32" branch="false"/>
								<line number="12" hits="32" branch="false"/>
								<line number="14" hits="32" branch="false"/>
								<line number="15" hits="32" branch="false"/>
								<line number="16" hits="32" branch="false"/>
								<line number="17" hits="32" branch="false"/>
								<line number="18" hits="32" branch="false"/>
								<line number="19" hits="32" branch="false"/>
								<line number="20" hits="32" branch="false"/>
								<line number="22" hits="32" branch="false"/>
							</lines>
						</method>
					</methods>
					<lines>
						<line number="3" hits="32" branch="false"/>
						<line number="5" hits="32" branch="false"/>
						<line number="6" hits="32" branch="false"/>
						<line number="7" hits="32" branch="false"/>
						<line number="8" hits="32" branch="false"/>
						<line number="9" hits="32" branch="false"/>
						<line number="10" hits="32" branch="false"/>
						<line number="11" hits="32" branch="false"/>
						<line number="12" hits="32" branch="false"/>
						<line number="14" hits="32" branch="false"/>
						<line number="15" hits="32" branch="false"/>
						<line number="16" hits="32" branch="false"/>
						<line number="17" hits="32" branch="false"/>
						<line number="18" hits="32" branch="false"/>
						<line number="19" hits="32" branch="false"/>
						<line number="20" hits="32" branch="false"/>
						<line number="22" hits="32" branch="false"/>
					</lines>
				</class>
				<class name="com.thoughtworks.WhizzHandler" filename="com/thoughtworks/WhizzHandler.java" line-rate="1.0" branch-rate="1.0" complexity="5.0">
					<methods>
						<method name="&lt;init&gt;" signature="()V" line-rate="1.0" branch-rate="1.0" complexity="0">
							<lines>
								<line number="3" hits="57" branch="false"/>
								<line number="4" hits="57" branch="false"/>
							</lines>
						</method>
						<method name="getResult" signature="(I)Ljava/lang/String;" line-rate="1.0" branch-rate="1.0" complexity="0">
							<lines>
								<line number="8" hits="35" branch="false"/>
								<line number="9" hits="35" branch="true" condition-coverage="100% (2/2)">
									<conditions>
										<condition number="0" type="jump" coverage="100%"/>
									</conditions>
								</line>
								<line number="10" hits="15" branch="false"/>
								<line number="12" hits="35" branch="true" condition-coverage="100% (4/4)">
									<conditions>
										<condition number="0" type="jump" coverage="100%"/>
										<condition number="1" type="jump" coverage="100%"/>
									</conditions>
								</line>
								<line number="13" hits="9" branch="false"/>
								<line number="15" hits="26" branch="false"/>
							</lines>
						</method>
					</methods>
					<lines>
						<line number="3" hits="57" branch="false"/>
						<line number="4" hits="57" branch="false"/>
						<line number="8" hits="35" branch="false"/>
						<line number="9" hits="35" branch="true" condition-coverage="100% (2/2)">
							<conditions>
								<condition number="0" type="jump" coverage="100%"/>
							</conditions>
						</line>
						<line number="10" hits="15" branch="false"/>
						<line number="12" hits="35" branch="true" condition-coverage="100% (4/4)">
							<conditions>
								<condition number="0" type="jump" coverage="100%"/>
								<condition number="1" type="jump" coverage="100%"/>
							</conditions>
						</line>
						<line number="13" hits="9" branch="false"/>
						<line number="15" hits="26" branch="false"/>
					</lines>
				</class>
			</classes>
		</package>
	</packages>
</coverage>
